
Showing logs for build [32msalaboy-demo-conference-app-cha-zrxgw-1[0m stage [32mfrom-build-pack[0m and container [32mstep-credential-initializer-zf88h[0m
{"level":"warn","ts":1576696100.391335,"logger":"fallback-logger","caller":"logging/config.go:69","msg":"Fetch GitHub commit ID from kodata failed: \"ref: refs/heads/master\" is not a valid GitHub commit ID"}
{"level":"info","ts":1576696100.4011252,"logger":"fallback-logger","caller":"creds-init/main.go:40","msg":"Credentials initialized."}

Showing logs for build [32msalaboy-demo-conference-app-cha-zrxgw-1[0m stage [32mfrom-build-pack[0m and container [32mstep-working-dir-initializer-m89xs[0m
{"level":"warn","ts":1576696101.7076354,"logger":"fallback-logger","caller":"logging/config.go:69","msg":"Fetch GitHub commit ID from kodata failed: open /var/run/ko/HEAD: no such file or directory"}
{"level":"info","ts":1576696101.7092087,"logger":"fallback-logger","caller":"bash/main.go:65","msg":"Successfully executed command \"mkdir -p /workspace/source\""}

Showing logs for build [32msalaboy-demo-conference-app-cha-zrxgw-1[0m stage [32mfrom-build-pack[0m and container [32mstep-place-tools[0m

Showing logs for build [32msalaboy-demo-conference-app-cha-zrxgw-1[0m stage [32mfrom-build-pack[0m and container [32mstep-git-source-salaboy-demo-conference-app-cha-7k246[0m
{"level":"warn","ts":1576696106.93956,"logger":"fallback-logger","caller":"logging/config.go:69","msg":"Fetch GitHub commit ID from kodata failed: \"ref: refs/heads/master\" is not a valid GitHub commit ID"}
{"level":"info","ts":1576696108.1525698,"logger":"fallback-logger","caller":"git/git.go:102","msg":"Successfully cloned https://github.com/*******/demo-conference-app-chart.git @ master in path /workspace/source"}

Showing logs for build [32msalaboy-demo-conference-app-cha-zrxgw-1[0m stage [32mfrom-build-pack[0m and container [32mstep-git-merge[0m
Using SHAs from PULL_REFS=master:065e6bc7820ee7c3e7e5e4d0def337c2a8c56847,13:44d90a507b22e4dd7acafe389b3fcbbdc4a79025
DEBUG: ran git fetch --unshallow origin 44d90a507b22e4dd7acafe389b3fcbbdc4a79025: 065e6bc7820ee7c3e7e5e4d0def337c2a8c56847: in 
DEBUG: ran git checkout master in 
DEBUG: ran git reset --hard 065e6bc7820ee7c3e7e5e4d0def337c2a8c56847 in 
DEBUG: ran clean --force -d . in 
DEBUG: ran git merge 44d90a507b22e4dd7acafe389b3fcbbdc4a79025 in 
Merged SHA 44d90a507b22e4dd7acafe389b3fcbbdc4a79025 with commit message 'chore(deps): bump https://github.com/*******/demo-conference-c4p to 0.0.72' into base branch master

Showing logs for build [32msalaboy-demo-conference-app-cha-zrxgw-1[0m stage [32mfrom-build-pack[0m and container [32mstep-build-build[0m
cat: /builder/home/basic-auth-user.json: No such file or directory
cat: /builder/home/basic-auth-pass.json: No such file or directory
rm -rf demo-conference/charts
rm -rf demo-conference/demo-conference*.tgz
rm -rf demo-conference/requirements.lock
helm init --client-only
Creating /builder/home/.helm 
Creating /builder/home/.helm/repository 
Creating /builder/home/.helm/repository/cache 
Creating /builder/home/.helm/repository/local 
Creating /builder/home/.helm/plugins 
Creating /builder/home/.helm/starters 
Creating /builder/home/.helm/cache/archive 
Creating /builder/home/.helm/repository/repositories.yaml 
Adding stable repo with URL: https://kubernetes-charts.storage.googleapis.com 
Adding local repo with URL: http://127.0.0.1:8879/charts 
$HELM_HOME has been configured at /builder/home/.helm.
Not installing Tiller due to 'client-only' flag having been set
helm repo add jenkins-x http://chartmuseum.jenkins-x.io
"jenkins-x" has been added to your repositories
helm repo add releases http://jenkins-x-chartmuseum:8080
"releases" has been added to your repositories
helm dependency build demo-conference
Hang tight while we grab the latest from your chart repositories...
...Unable to get an update from the "local" chart repository (http://127.0.0.1:8879/charts):
	Get http://127.0.0.1:8879/charts/index.yaml: dial tcp 127.0.0.1:8879: connect: connection refused
...Successfully got an update from the "releases" chart repository
...Successfully got an update from the "jenkins-x" chart repository
...Successfully got an update from the "stable" chart repository
Update Complete.
Saving 4 charts
Downloading demo-conference-agenda from repo http://jenkins-x-chartmuseum:8080
Downloading demo-conference-c4p from repo http://jenkins-x-chartmuseum:8080
Downloading demo-conference-site from repo http://jenkins-x-chartmuseum:8080
Downloading demo-conference-email from repo http://jenkins-x-chartmuseum:8080
Deleting outdated charts
helm lint demo-conference
==> Linting demo-conference
Lint OK

1 chart(s) linted, no failures
