
Showing logs for build [32msalaboy-demo-conference-app-cha-k4z8s-22[0m stage [32mfrom-build-pack[0m and container [32mstep-credential-initializer-p8d7x[0m
{"level":"warn","ts":1578395739.2562146,"logger":"fallback-logger","caller":"logging/config.go:69","msg":"Fetch GitHub commit ID from kodata failed: \"ref: refs/heads/master\" is not a valid GitHub commit ID"}
{"level":"info","ts":1578395739.2573228,"logger":"fallback-logger","caller":"creds-init/main.go:40","msg":"Credentials initialized."}

Showing logs for build [32msalaboy-demo-conference-app-cha-k4z8s-22[0m stage [32mfrom-build-pack[0m and container [32mstep-working-dir-initializer-xjxfd[0m
{"level":"warn","ts":1578395740.0911446,"logger":"fallback-logger","caller":"logging/config.go:69","msg":"Fetch GitHub commit ID from kodata failed: open /var/run/ko/HEAD: no such file or directory"}
{"level":"info","ts":1578395740.0941112,"logger":"fallback-logger","caller":"bash/main.go:65","msg":"Successfully executed command \"mkdir -p /workspace/source\""}

Showing logs for build [32msalaboy-demo-conference-app-cha-k4z8s-22[0m stage [32mfrom-build-pack[0m and container [32mstep-place-tools[0m

Showing logs for build [32msalaboy-demo-conference-app-cha-k4z8s-22[0m stage [32mfrom-build-pack[0m and container [32mstep-git-source-salaboy-demo-conference-app-cha-6k5hf[0m
{"level":"warn","ts":1578395746.2318323,"logger":"fallback-logger","caller":"logging/config.go:69","msg":"Fetch GitHub commit ID from kodata failed: \"ref: refs/heads/master\" is not a valid GitHub commit ID"}
{"level":"info","ts":1578395747.3498409,"logger":"fallback-logger","caller":"git/git.go:102","msg":"Successfully cloned https://github.com/*******/demo-conference-app-chart.git @ v0.0.22 in path /workspace/source"}

Showing logs for build [32msalaboy-demo-conference-app-cha-k4z8s-22[0m stage [32mfrom-build-pack[0m and container [32mstep-git-merge[0m
Using SHAs from PULL_REFS=master:434fc7eeee553bf15fc640d45450dfd88805ec06
WARNING: no SHAs to merge, falling back to initial cloned commit

Showing logs for build [32msalaboy-demo-conference-app-cha-k4z8s-22[0m stage [32mfrom-build-pack[0m and container [32mstep-setup-jx-git-credentials[0m
Generated Git credentials file /builder/home/git/credentials

Showing logs for build [32msalaboy-demo-conference-app-cha-k4z8s-22[0m stage [32mfrom-build-pack[0m and container [32mstep-build-basic-auth-username[0m
/builder/home/basic-auth-user.json

Showing logs for build [32msalaboy-demo-conference-app-cha-k4z8s-22[0m stage [32mfrom-build-pack[0m and container [32mstep-build-basic-auth-password[0m
/builder/home/basic-auth-pass.json

Showing logs for build [32msalaboy-demo-conference-app-cha-k4z8s-22[0m stage [32mfrom-build-pack[0m and container [32mstep-build-release[0m
rm -rf demo-conference/charts
rm -rf demo-conference/demo-conference*.tgz
rm -rf demo-conference/requirements.lock
helm init --client-only
Creating /builder/home/.helm 
Creating /builder/home/.helm/repository 
Creating /builder/home/.helm/repository/cache 
Creating /builder/home/.helm/repository/local 
Creating /builder/home/.helm/plugins 
Creating /builder/home/.helm/starters 
Creating /builder/home/.helm/cache/archive 
Creating /builder/home/.helm/repository/repositories.yaml 
Adding stable repo with URL: https://kubernetes-charts.storage.googleapis.com 
Adding local repo with URL: http://127.0.0.1:8879/charts 
$HELM_HOME has been configured at /builder/home/.helm.
Not installing Tiller due to 'client-only' flag having been set
helm repo add jenkins-x http://chartmuseum.jenkins-x.io
"jenkins-x" has been added to your repositories
helm repo add releases http://jenkins-x-chartmuseum:8080
"releases" has been added to your repositories
helm dependency build demo-conference
Hang tight while we grab the latest from your chart repositories...
...Unable to get an update from the "local" chart repository (http://127.0.0.1:8879/charts):
	Get http://127.0.0.1:8879/charts/index.yaml: dial tcp 127.0.0.1:8879: connect: connection refused
...Successfully got an update from the "releases" chart repository
...Successfully got an update from the "jenkins-x" chart repository
...Successfully got an update from the "stable" chart repository
Update Complete.
Saving 4 charts
Downloading demo-conference-agenda from repo http://jenkins-x-chartmuseum:8080
Downloading demo-conference-c4p from repo http://jenkins-x-chartmuseum:8080
Downloading demo-conference-site from repo http://jenkins-x-chartmuseum:8080
Downloading demo-conference-email from repo http://jenkins-x-chartmuseum:8080
Deleting outdated charts
helm lint demo-conference
==> Linting demo-conference
Lint OK

1 chart(s) linted, no failures
sed -i -e "s/version:.*/version: 0.0.22/" demo-conference/Chart.yaml
helm package demo-conference
Successfully packaged chart and saved it to: /workspace/source/demo-conference-0.0.22.tgz
curl --fail -u *****:********** --data-binary "@demo-conference-0.0.22.tgz" http://jenkins-x-chartmuseum:8080/api/charts
  % Total    % Received % Xferd  Average Speed   Time    Time     Time  Current
                                 Dload  Upload   Total   Spent    Left  Speed
  0     0    0     0    0     0      0      0 --:--:-- --:--:-- --:--:--     0100  4843  100    14  100  4829    395   133k --:--:-- --:--:-- --:--:--  134k
{"saved":true}rm -rf demo-conference*.tgz
** step changelog  --verbose --version 0.0.22 --rev 434fc7eeee553bf15fc640d45450dfd88805ec06
Converted /workspace/source to an unshallow repository
DEBUG: Using helmBinary helm with feature flag: template-mode
Generating change log from git ref 096953b522a2b6d18dfb2076132de61f0fedd889 => 434fc7eeee553bf15fc640d45450dfd88805ec06
DEBUG: merging pipeline secrets with local secrets
DEBUG: merging pipeline secrets with local secrets
DEBUG: Found commits:
DEBUG:   commit 434fc7eeee553bf15fc640d45450dfd88805ec06
DEBUG:   Author: ******* <Salaboy@gmail.com>
DEBUG:   Date: Tue Jan  7 11:15:05 2020
DEBUG:       
Merge pull request #16 from *******/bump-chart-version-96459042-313e-11ea-8798-ce820b48b16f

chore(deps): bump https://github.com/*******/demo-conference-c4p to 0.0.74


DEBUG:   commit ddd20ed8278e51bd7f1ba08bd84a7a19dd2ff00d
DEBUG:   Author: jenkins-x-bot <jenkins-x@googlegroups.com>
DEBUG:   Date: Tue Jan  7 11:12:26 2020
DEBUG:       chore(deps): bump https://github.com/*******/demo-conference-c4p to 0.0.74

Command run was `** step create pr chart --name demo-conference-cp4 --version 0.0.74 --repo https://github.com/*******/demo-conference-app-chart.git`



WARNING: Failed to enrich commit ddd20ed8278e51bd7f1ba08bd84a7a19dd2ff00d with issues: users.jenkins.io "x-0" already exists
WARNING: Failed to enrich commit ddd20ed8278e51bd7f1ba08bd84a7a19dd2ff00d with issues: users.jenkins.io "x-0" already exists
Finding issues in commit messages using git format
DEBUG: Generated release notes:

## Changes

### Chores

* deps: bump https://github.com/*******/demo-conference-c4p to 0.0.74

WARNING: No release found for *******/demo-conference-app-chart and tag v0.0.22 so creating a new release
Updated the release information at https://github.com/*******/demo-conference-app-chart/releases/tag/v0.0.22
Uploaded /workspace/source/dependency-matrix/matrix.yaml to release asset https://github.com/*******/demo-conference-app-chart/releases/download/v0.0.22/dependency-matrix.yaml
generated: /workspace/source/demo-conference/templates/release.yaml
Created Release demo-conference-app-chart-0-0-22 resource in namespace **
Updating PipelineActivity *******-demo-conference-app-chart-master-22 with version 0.0.22
Updated PipelineActivities *******-demo-conference-app-chart-master-22 with release notes URL: https://github.com/*******/demo-conference-app-chart/releases/tag/v0.0.22
