
Showing logs for build [32msalaboy-demo-conference-app-cha-lgqkq-7[0m stage [32mfrom-build-pack[0m and container [32mstep-credential-initializer-dhflx[0m
{"level":"warn","ts":1575450336.1216571,"logger":"fallback-logger","caller":"logging/config.go:69","msg":"Fetch GitHub commit ID from kodata failed: \"ref: refs/heads/master\" is not a valid GitHub commit ID"}
{"level":"info","ts":1575450336.1222396,"logger":"fallback-logger","caller":"creds-init/main.go:40","msg":"Credentials initialized."}

Showing logs for build [32msalaboy-demo-conference-app-cha-lgqkq-7[0m stage [32mfrom-build-pack[0m and container [32mstep-working-dir-initializer-ntgc7[0m
{"level":"warn","ts":1575450337.1005354,"logger":"fallback-logger","caller":"logging/config.go:69","msg":"Fetch GitHub commit ID from kodata failed: open /var/run/ko/HEAD: no such file or directory"}
{"level":"info","ts":1575450337.1020298,"logger":"fallback-logger","caller":"bash/main.go:65","msg":"Successfully executed command \"mkdir -p /workspace/source\""}

Showing logs for build [32msalaboy-demo-conference-app-cha-lgqkq-7[0m stage [32mfrom-build-pack[0m and container [32mstep-place-tools[0m

Showing logs for build [32msalaboy-demo-conference-app-cha-lgqkq-7[0m stage [32mfrom-build-pack[0m and container [32mstep-git-source-salaboy-demo-conference-app-cha-g7nr4[0m
{"level":"warn","ts":1575450343.2282197,"logger":"fallback-logger","caller":"logging/config.go:69","msg":"Fetch GitHub commit ID from kodata failed: \"ref: refs/heads/master\" is not a valid GitHub commit ID"}
{"level":"info","ts":1575450344.4079578,"logger":"fallback-logger","caller":"git/git.go:102","msg":"Successfully cloned https://github.com/*******/demo-conference-app-chart.git @ v0.0.7 in path /workspace/source"}

Showing logs for build [32msalaboy-demo-conference-app-cha-lgqkq-7[0m stage [32mfrom-build-pack[0m and container [32mstep-git-merge[0m
Using SHAs from PULL_REFS=master:2e53c7428d9dced6f11ba67614485af60099a7d3
WARNING: no SHAs to merge, falling back to initial cloned commit

Showing logs for build [32msalaboy-demo-conference-app-cha-lgqkq-7[0m stage [32mfrom-build-pack[0m and container [32mstep-setup-jx-git-credentials[0m
Generated Git credentials file /builder/home/git/credentials

Showing logs for build [32msalaboy-demo-conference-app-cha-lgqkq-7[0m stage [32mfrom-build-pack[0m and container [32mstep-build-basic-auth-username[0m
/builder/home/basic-auth-user.json

Showing logs for build [32msalaboy-demo-conference-app-cha-lgqkq-7[0m stage [32mfrom-build-pack[0m and container [32mstep-build-basic-auth-password[0m
/builder/home/basic-auth-pass.json

Showing logs for build [32msalaboy-demo-conference-app-cha-lgqkq-7[0m stage [32mfrom-build-pack[0m and container [32mstep-build-release[0m
rm -rf demo-conference/charts
rm -rf demo-conference/demo-conference*.tgz
rm -rf demo-conference/requirements.lock
helm init --client-only
Creating /builder/home/.helm 
Creating /builder/home/.helm/repository 
Creating /builder/home/.helm/repository/cache 
Creating /builder/home/.helm/repository/local 
Creating /builder/home/.helm/plugins 
Creating /builder/home/.helm/starters 
Creating /builder/home/.helm/cache/archive 
Creating /builder/home/.helm/repository/repositories.yaml 
Adding stable repo with URL: https://kubernetes-charts.storage.googleapis.com 
Adding local repo with URL: http://127.0.0.1:8879/charts 
$HELM_HOME has been configured at /builder/home/.helm.
Not installing Tiller due to 'client-only' flag having been set
helm repo add jenkins-x http://chartmuseum.jenkins-x.io
"jenkins-x" has been added to your repositories
helm repo add releases http://jenkins-x-chartmuseum:8080
"releases" has been added to your repositories
helm dependency build demo-conference
Hang tight while we grab the latest from your chart repositories...
...Unable to get an update from the "local" chart repository (http://127.0.0.1:8879/charts):
	Get http://127.0.0.1:8879/charts/index.yaml: dial tcp 127.0.0.1:8879: connect: connection refused
...Successfully got an update from the "releases" chart repository
...Successfully got an update from the "jenkins-x" chart repository
...Successfully got an update from the "stable" chart repository
Update Complete.
Saving 4 charts
Downloading demo-conference-agenda from repo http://jenkins-x-chartmuseum:8080
Downloading demo-conference-c4p from repo http://jenkins-x-chartmuseum:8080
Downloading demo-conference-site from repo http://jenkins-x-chartmuseum:8080
Downloading demo-conference-email from repo http://jenkins-x-chartmuseum:8080
Deleting outdated charts
helm lint demo-conference
==> Linting demo-conference
Lint OK

1 chart(s) linted, no failures
sed -i -e "s/version:.*/version: 0.0.7/" demo-conference/Chart.yaml
helm package demo-conference
Successfully packaged chart and saved it to: /workspace/source/demo-conference-0.0.7.tgz
curl --fail -u *****:********** --data-binary "@demo-conference-0.0.7.tgz" http://jenkins-x-chartmuseum:8080/api/charts
  % Total    % Received % Xferd  Average Speed   Time    Time     Time  Current
                                 Dload  Upload   Total   Spent    Left  Speed
{"saved":true}rm -rf demo-conference*.tgz
  0     0    0     0    0     0      0      0 --:--:-- --:--:-- --:--:--     0100  4822  100    14  100  4808   1400   469k --:--:-- --:--:-- --:--:--  521k
** step changelog  --verbose --version 0.0.7 --rev 2e53c7428d9dced6f11ba67614485af60099a7d3
Converted /workspace/source to an unshallow repository
DEBUG: Using helmBinary helm with feature flag: template-mode
Generating change log from git ref e2c078de377e38a51fc1ae7a1f3a9b8ca5279e02 => 2e53c7428d9dced6f11ba67614485af60099a7d3
DEBUG: merging pipeline secrets with local secrets
DEBUG: merging pipeline secrets with local secrets
DEBUG: Found commits:
DEBUG:   commit 2e53c7428d9dced6f11ba67614485af60099a7d3
DEBUG:   Author: ******* <*******@gmail.com>
DEBUG:   Date: Wed Dec  4 09:05:03 2019
DEBUG:       fixing typo



Associating user x-0 in users.jenkins.io with email *******@gmail.com to git GitProvider user with login -0 as emails match
Adding label jenkins.io/git-github-userid=-0 to user x-0 in users.jenkins.io
WARNING: Failed to enrich commit 2e53c7428d9dced6f11ba67614485af60099a7d3 with issues: User.jenkins.io "x-0" is invalid: metadata.labels: Invalid value: "-0": a valid label must be an empty string or consist of alphanumeric characters, '-', '_' or '.', and must start and end with an alphanumeric character (e.g. 'MyValue',  or 'my_value',  or '12345', regex used for validation is '(([A-Za-z0-9][-A-Za-z0-9_.]*)?[A-Za-z0-9])?')
Associating user x-0 in users.jenkins.io with email *******@gmail.com to git GitProvider user with login -0 as emails match
Adding label jenkins.io/git-github-userid=-0 to user x-0 in users.jenkins.io
WARNING: Failed to enrich commit 2e53c7428d9dced6f11ba67614485af60099a7d3 with issues: User.jenkins.io "x-0" is invalid: metadata.labels: Invalid value: "-0": a valid label must be an empty string or consist of alphanumeric characters, '-', '_' or '.', and must start and end with an alphanumeric character (e.g. 'MyValue',  or 'my_value',  or '12345', regex used for validation is '(([A-Za-z0-9][-A-Za-z0-9_.]*)?[A-Za-z0-9])?')
Finding issues in commit messages using git format
DEBUG: Generated release notes:

## Changes

* fixing typo

WARNING: No release found for *******/demo-conference-app-chart and tag v0.0.7 so creating a new release
Updated the release information at https://github.com/*******/demo-conference-app-chart/releases/tag/v0.0.7
Uploaded /workspace/source/dependency-matrix/matrix.yaml to release asset https://github.com/*******/demo-conference-app-chart/releases/download/v0.0.7/dependency-matrix.yaml
generated: /workspace/source/demo-conference/templates/release.yaml
Created Release demo-conference-app-chart-0-0-7 resource in namespace **
Updating PipelineActivity *******-demo-conference-app-chart-master-7 with version 0.0.7
Updated PipelineActivities *******-demo-conference-app-chart-master-7 with release notes URL: https://github.com/*******/demo-conference-app-chart/releases/tag/v0.0.7
